Fri Oct 24 10:27:22 2025       
+-----------------------------------------------------------------------------------------+
| NVIDIA-SMI 580.82.07              Driver Version: 580.82.07      CUDA Version: 13.0     |
+-----------------------------------------+------------------------+----------------------+
| GPU  Name                 Persistence-M | Bus-Id          Disp.A | Volatile Uncorr. ECC |
| Fan  Temp   Perf          Pwr:Usage/Cap |           Memory-Usage | GPU-Util  Compute M. |
|                                         |                        |               MIG M. |
|=========================================+========================+======================|
|   0  NVIDIA H100 80GB HBM3          On  |   00000000:19:00.0 Off |                   On |
| N/A   36C    P0            170W /  700W |    8607MiB /  81559MiB |     N/A      Default |
|                                         |                        |              Enabled |
+-----------------------------------------+------------------------+----------------------+

+-----------------------------------------------------------------------------------------+
| MIG devices:                                                                            |
+------------------+----------------------------------+-----------+-----------------------+
| GPU  GI  CI  MIG |              Shared Memory-Usage |        Vol|        Shared         |
|      ID  ID  Dev |                Shared BAR1-Usage | SM     Unc| CE ENC  DEC  OFA  JPG |
|                  |                                  |        ECC|                       |
|==================+==================================+===========+=======================|
|  0    3   0   0  |              29MiB / 20096MiB    | 32      0 |  2   0    2    0    2 |
|                  |               0MiB / 12370MiB    |           |                       |
+------------------+----------------------------------+-----------+-----------------------+

+-----------------------------------------------------------------------------------------+
| Processes:                                                                              |
|  GPU   GI   CI              PID   Type   Process name                        GPU Memory |
|        ID   ID                                                               Usage      |
|=========================================================================================|
|  No running processes found                                                             |
+-----------------------------------------------------------------------------------------+
True 1 NVIDIA H100 80GB HBM3 MIG 2g.20gb
Namespace(exp_name='of2_full_run', data_path='/scratch/sarai/ObjectFolder_data/processed', batch_size=32, epochs=100, start_epoch=0, lr=0.001, dropout=0.5, emb_dims=1024, k=20, resume=False, model_path='', cuda=True, print_freq=10)
Epoch [0/100], Step [0/31], Loss: 8.4058
Epoch [0/100], Step [10/31], Loss: 4.9706
Epoch [0/100], Step [20/31], Loss: 4.4826
Epoch [0/100], Step [30/31], Loss: 4.3011
Epoch [1/100], Step [0/31], Loss: 3.9193
Epoch [1/100], Step [10/31], Loss: 3.8890
Epoch [1/100], Step [20/31], Loss: 3.8761
Epoch [1/100], Step [30/31], Loss: 3.8578
Epoch [2/100], Step [0/31], Loss: 3.6340
Epoch [2/100], Step [10/31], Loss: 3.7019
Epoch [2/100], Step [20/31], Loss: 3.7161
Epoch [2/100], Step [30/31], Loss: 3.7363
Epoch [3/100], Step [0/31], Loss: 3.5611
Epoch [3/100], Step [10/31], Loss: 3.7141
Epoch [3/100], Step [20/31], Loss: 3.6899
Epoch [3/100], Step [30/31], Loss: 3.7049
Epoch [4/100], Step [0/31], Loss: 3.4726
Epoch [4/100], Step [10/31], Loss: 3.6880
Epoch [4/100], Step [20/31], Loss: 3.7022
Epoch [4/100], Step [30/31], Loss: 3.7174
Epoch [5/100], Step [0/31], Loss: 3.5619
Epoch [5/100], Step [10/31], Loss: 3.6000
Epoch [5/100], Step [20/31], Loss: 3.6075
Epoch [5/100], Step [30/31], Loss: 3.6107
Epoch [6/100], Step [0/31], Loss: 3.5335
Epoch [6/100], Step [10/31], Loss: 3.4980
Epoch [6/100], Step [20/31], Loss: 3.4998
Epoch [6/100], Step [30/31], Loss: 3.5237
Epoch [7/100], Step [0/31], Loss: 3.2646
Epoch [7/100], Step [10/31], Loss: 3.4603
Epoch [7/100], Step [20/31], Loss: 3.4626
Epoch [7/100], Step [30/31], Loss: 3.4367
Epoch [8/100], Step [0/31], Loss: 3.5879
Epoch [8/100], Step [10/31], Loss: 3.3018
Epoch [8/100], Step [20/31], Loss: 3.4071
Epoch [8/100], Step [30/31], Loss: 3.4636
Epoch [9/100], Step [0/31], Loss: 3.2686
Epoch [9/100], Step [10/31], Loss: 3.3345
Epoch [9/100], Step [20/31], Loss: 3.2560
Epoch [9/100], Step [30/31], Loss: 3.2987
Epoch [10/100], Step [0/31], Loss: 2.8007
Epoch [10/100], Step [10/31], Loss: 3.1098
Epoch [10/100], Step [20/31], Loss: 3.1743
Epoch [10/100], Step [30/31], Loss: 3.2009
Epoch [11/100], Step [0/31], Loss: 2.9307
Epoch [11/100], Step [10/31], Loss: 2.9769
Epoch [11/100], Step [20/31], Loss: 3.0815
Epoch [11/100], Step [30/31], Loss: 3.0730
Epoch [12/100], Step [0/31], Loss: 2.8546
Epoch [12/100], Step [10/31], Loss: 2.8802
Epoch [12/100], Step [20/31], Loss: 2.9159
Epoch [12/100], Step [30/31], Loss: 2.9231
Epoch [13/100], Step [0/31], Loss: 3.0649
Epoch [13/100], Step [10/31], Loss: 2.8638
Epoch [13/100], Step [20/31], Loss: 2.8809
Epoch [13/100], Step [30/31], Loss: 2.8389
Epoch [14/100], Step [0/31], Loss: 2.7796
Epoch [14/100], Step [10/31], Loss: 2.6747
Epoch [14/100], Step [20/31], Loss: 2.6336
Epoch [14/100], Step [30/31], Loss: 2.6800
Epoch [15/100], Step [0/31], Loss: 2.7325
Epoch [15/100], Step [10/31], Loss: 2.6703
Epoch [15/100], Step [20/31], Loss: 2.6793
Epoch [15/100], Step [30/31], Loss: 2.6647
Epoch [16/100], Step [0/31], Loss: 2.2996
Epoch [16/100], Step [10/31], Loss: 2.4533
Epoch [16/100], Step [20/31], Loss: 2.4450
Epoch [16/100], Step [30/31], Loss: 2.4445
Epoch [17/100], Step [0/31], Loss: 2.4064
Epoch [17/100], Step [10/31], Loss: 2.4449
Epoch [17/100], Step [20/31], Loss: 2.3655
Epoch [17/100], Step [30/31], Loss: 2.4204
Epoch [18/100], Step [0/31], Loss: 2.3527
Epoch [18/100], Step [10/31], Loss: 2.1583
Epoch [18/100], Step [20/31], Loss: 2.1941
Epoch [18/100], Step [30/31], Loss: 2.1673
Epoch [19/100], Step [0/31], Loss: 1.7450
Epoch [19/100], Step [10/31], Loss: 1.9346
Epoch [19/100], Step [20/31], Loss: 2.0410
Epoch [19/100], Step [30/31], Loss: 2.0948
Epoch [20/100], Step [0/31], Loss: 2.3239
Epoch [20/100], Step [10/31], Loss: 1.9142
Epoch [20/100], Step [20/31], Loss: 1.9270
Epoch [20/100], Step [30/31], Loss: 1.8841
Epoch [21/100], Step [0/31], Loss: 1.6155
Epoch [21/100], Step [10/31], Loss: 1.7848
Epoch [21/100], Step [20/31], Loss: 1.8246
Epoch [21/100], Step [30/31], Loss: 1.7968
Epoch [22/100], Step [0/31], Loss: 2.0465
Epoch [22/100], Step [10/31], Loss: 1.6740
Epoch [22/100], Step [20/31], Loss: 1.6810
Epoch [22/100], Step [30/31], Loss: 1.7039
Epoch [23/100], Step [0/31], Loss: 1.9996
Epoch [23/100], Step [10/31], Loss: 1.7326
Epoch [23/100], Step [20/31], Loss: 1.6916
Epoch [23/100], Step [30/31], Loss: 1.6326
Epoch [24/100], Step [0/31], Loss: 1.4344
Epoch [24/100], Step [10/31], Loss: 1.4763
Epoch [24/100], Step [20/31], Loss: 1.4970
Epoch [24/100], Step [30/31], Loss: 1.4976
Epoch [25/100], Step [0/31], Loss: 1.2148
Epoch [25/100], Step [10/31], Loss: 1.2389
Epoch [25/100], Step [20/31], Loss: 1.2842
Epoch [25/100], Step [30/31], Loss: 1.2969
Epoch [26/100], Step [0/31], Loss: 1.4874
Epoch [26/100], Step [10/31], Loss: 1.2774
Epoch [26/100], Step [20/31], Loss: 1.2973
Epoch [26/100], Step [30/31], Loss: 1.2935
Epoch [27/100], Step [0/31], Loss: 1.3462
Epoch [27/100], Step [10/31], Loss: 1.1342
Epoch [27/100], Step [20/31], Loss: 1.1247
Epoch [27/100], Step [30/31], Loss: 1.1501
Epoch [28/100], Step [0/31], Loss: 1.0844
Epoch [28/100], Step [10/31], Loss: 1.0363
Epoch [28/100], Step [20/31], Loss: 1.0168
Epoch [28/100], Step [30/31], Loss: 1.0619
Epoch [29/100], Step [0/31], Loss: 1.2103
Epoch [29/100], Step [10/31], Loss: 0.9992
Epoch [29/100], Step [20/31], Loss: 0.9714
Epoch [29/100], Step [30/31], Loss: 1.0264
Epoch [30/100], Step [0/31], Loss: 0.9659
Epoch [30/100], Step [10/31], Loss: 0.9583
Epoch [30/100], Step [20/31], Loss: 1.0019
Epoch [30/100], Step [30/31], Loss: 1.0074
Epoch [31/100], Step [0/31], Loss: 1.0780
Epoch [31/100], Step [10/31], Loss: 0.9701
Epoch [31/100], Step [20/31], Loss: 0.9355
Epoch [31/100], Step [30/31], Loss: 0.9078
Epoch [32/100], Step [0/31], Loss: 0.5578
Epoch [32/100], Step [10/31], Loss: 0.9442
Epoch [32/100], Step [20/31], Loss: 0.8925
Epoch [32/100], Step [30/31], Loss: 0.8872
Epoch [33/100], Step [0/31], Loss: 0.6780
Epoch [33/100], Step [10/31], Loss: 0.8030
Epoch [33/100], Step [20/31], Loss: 0.7882
Epoch [33/100], Step [30/31], Loss: 0.7995
Epoch [34/100], Step [0/31], Loss: 0.8653
Epoch [34/100], Step [10/31], Loss: 0.7426
Epoch [34/100], Step [20/31], Loss: 0.7321
Epoch [34/100], Step [30/31], Loss: 0.7405
Epoch [35/100], Step [0/31], Loss: 0.5002
Epoch [35/100], Step [10/31], Loss: 0.6510
Epoch [35/100], Step [20/31], Loss: 0.6870
Epoch [35/100], Step [30/31], Loss: 0.7221
Epoch [36/100], Step [0/31], Loss: 0.5834
Epoch [36/100], Step [10/31], Loss: 0.7362
Epoch [36/100], Step [20/31], Loss: 0.7552
Epoch [36/100], Step [30/31], Loss: 0.7262
Epoch [37/100], Step [0/31], Loss: 0.6918
Epoch [37/100], Step [10/31], Loss: 0.6950
Epoch [37/100], Step [20/31], Loss: 0.6340
Epoch [37/100], Step [30/31], Loss: 0.6256
Epoch [38/100], Step [0/31], Loss: 0.5057
Epoch [38/100], Step [10/31], Loss: 0.5945
Epoch [38/100], Step [20/31], Loss: 0.6580
Epoch [38/100], Step [30/31], Loss: 0.6520
Epoch [39/100], Step [0/31], Loss: 0.3995
Epoch [39/100], Step [10/31], Loss: 0.5197
Epoch [39/100], Step [20/31], Loss: 0.5094
Epoch [39/100], Step [30/31], Loss: 0.5267
Epoch [40/100], Step [0/31], Loss: 0.6901
Epoch [40/100], Step [10/31], Loss: 0.5893
Epoch [40/100], Step [20/31], Loss: 0.5922
Epoch [40/100], Step [30/31], Loss: 0.5857
Epoch [41/100], Step [0/31], Loss: 0.6278
Epoch [41/100], Step [10/31], Loss: 0.6153
Epoch [41/100], Step [20/31], Loss: 0.6268
Epoch [41/100], Step [30/31], Loss: 0.5879
Epoch [42/100], Step [0/31], Loss: 0.3982
Epoch [42/100], Step [10/31], Loss: 0.4511
Epoch [42/100], Step [20/31], Loss: 0.4734
Epoch [42/100], Step [30/31], Loss: 0.5059
Epoch [43/100], Step [0/31], Loss: 0.4260
Epoch [43/100], Step [10/31], Loss: 0.5073
Epoch [43/100], Step [20/31], Loss: 0.4873
Epoch [43/100], Step [30/31], Loss: 0.5085
Epoch [44/100], Step [0/31], Loss: 0.5939
Epoch [44/100], Step [10/31], Loss: 0.5506
Epoch [44/100], Step [20/31], Loss: 0.5013
Epoch [44/100], Step [30/31], Loss: 0.4879
Epoch [45/100], Step [0/31], Loss: 0.3986
Epoch [45/100], Step [10/31], Loss: 0.4521
Epoch [45/100], Step [20/31], Loss: 0.4560
Epoch [45/100], Step [30/31], Loss: 0.4850
Epoch [46/100], Step [0/31], Loss: 0.7527
Epoch [46/100], Step [10/31], Loss: 0.4538
Epoch [46/100], Step [20/31], Loss: 0.4915
Epoch [46/100], Step [30/31], Loss: 0.4736
Epoch [47/100], Step [0/31], Loss: 0.5945
Epoch [47/100], Step [10/31], Loss: 0.4461
Epoch [47/100], Step [20/31], Loss: 0.4570
Epoch [47/100], Step [30/31], Loss: 0.4626
Epoch [48/100], Step [0/31], Loss: 0.3503
Epoch [48/100], Step [10/31], Loss: 0.5076
Epoch [48/100], Step [20/31], Loss: 0.4984
Epoch [48/100], Step [30/31], Loss: 0.4623
Epoch [49/100], Step [0/31], Loss: 0.3422
Epoch [49/100], Step [10/31], Loss: 0.4379
Epoch [49/100], Step [20/31], Loss: 0.4715
Epoch [49/100], Step [30/31], Loss: 0.4831
Epoch [50/100], Step [0/31], Loss: 0.5105
Epoch [50/100], Step [10/31], Loss: 0.4583
Epoch [50/100], Step [20/31], Loss: 0.4415
Epoch [50/100], Step [30/31], Loss: 0.4542
Epoch [51/100], Step [0/31], Loss: 0.4122
Epoch [51/100], Step [10/31], Loss: 0.3826
Epoch [51/100], Step [20/31], Loss: 0.4070
Epoch [51/100], Step [30/31], Loss: 0.4046
Epoch [52/100], Step [0/31], Loss: 0.4612
Epoch [52/100], Step [10/31], Loss: 0.4460
Epoch [52/100], Step [20/31], Loss: 0.4768
Epoch [52/100], Step [30/31], Loss: 0.4654
Epoch [53/100], Step [0/31], Loss: 0.5422
Epoch [53/100], Step [10/31], Loss: 0.4927
Epoch [53/100], Step [20/31], Loss: 0.4627
Epoch [53/100], Step [30/31], Loss: 0.4561
Epoch [54/100], Step [0/31], Loss: 0.4108
Epoch [54/100], Step [10/31], Loss: 0.4295
Epoch [54/100], Step [20/31], Loss: 0.4069
Epoch [54/100], Step [30/31], Loss: 0.4120
Epoch [55/100], Step [0/31], Loss: 0.6327
Epoch [55/100], Step [10/31], Loss: 0.3981
Epoch [55/100], Step [20/31], Loss: 0.3959
Epoch [55/100], Step [30/31], Loss: 0.4000
Epoch [56/100], Step [0/31], Loss: 0.5682
Epoch [56/100], Step [10/31], Loss: 0.3701
Epoch [56/100], Step [20/31], Loss: 0.3923
Epoch [56/100], Step [30/31], Loss: 0.3914
Epoch [57/100], Step [0/31], Loss: 0.4563
Epoch [57/100], Step [10/31], Loss: 0.3490
Epoch [57/100], Step [20/31], Loss: 0.3812
Epoch [57/100], Step [30/31], Loss: 0.3791
Epoch [58/100], Step [0/31], Loss: 0.3207
Epoch [58/100], Step [10/31], Loss: 0.3691
Epoch [58/100], Step [20/31], Loss: 0.3762
Epoch [58/100], Step [30/31], Loss: 0.3890
Epoch [59/100], Step [0/31], Loss: 0.2741
Epoch [59/100], Step [10/31], Loss: 0.3316
Epoch [59/100], Step [20/31], Loss: 0.3488
Epoch [59/100], Step [30/31], Loss: 0.3448
Epoch [60/100], Step [0/31], Loss: 0.3468
Epoch [60/100], Step [10/31], Loss: 0.3654
Epoch [60/100], Step [20/31], Loss: 0.3765
Epoch [60/100], Step [30/31], Loss: 0.3731
Epoch [61/100], Step [0/31], Loss: 0.3923
Epoch [61/100], Step [10/31], Loss: 0.3583
Epoch [61/100], Step [20/31], Loss: 0.3368
Epoch [61/100], Step [30/31], Loss: 0.3473
Epoch [62/100], Step [0/31], Loss: 0.2691
Epoch [62/100], Step [10/31], Loss: 0.3409
Epoch [62/100], Step [20/31], Loss: 0.3497
Epoch [62/100], Step [30/31], Loss: 0.3391
Epoch [63/100], Step [0/31], Loss: 0.5200
Epoch [63/100], Step [10/31], Loss: 0.3528
Epoch [63/100], Step [20/31], Loss: 0.3395
Epoch [63/100], Step [30/31], Loss: 0.3390
Epoch [64/100], Step [0/31], Loss: 0.2855
Epoch [64/100], Step [10/31], Loss: 0.3049
Epoch [64/100], Step [20/31], Loss: 0.3101
Epoch [64/100], Step [30/31], Loss: 0.2996
Epoch [65/100], Step [0/31], Loss: 0.3605
Epoch [65/100], Step [10/31], Loss: 0.2803
Epoch [65/100], Step [20/31], Loss: 0.2947
Epoch [65/100], Step [30/31], Loss: 0.3078
Epoch [66/100], Step [0/31], Loss: 0.4427
Epoch [66/100], Step [10/31], Loss: 0.3169
Epoch [66/100], Step [20/31], Loss: 0.3106
Epoch [66/100], Step [30/31], Loss: 0.3267
Epoch [67/100], Step [0/31], Loss: 0.2891
Epoch [67/100], Step [10/31], Loss: 0.2815
Epoch [67/100], Step [20/31], Loss: 0.2863
Epoch [67/100], Step [30/31], Loss: 0.2921
Epoch [68/100], Step [0/31], Loss: 0.2280
Epoch [68/100], Step [10/31], Loss: 0.3018
Epoch [68/100], Step [20/31], Loss: 0.3029
Epoch [68/100], Step [30/31], Loss: 0.3033
Epoch [69/100], Step [0/31], Loss: 0.2373
Epoch [69/100], Step [10/31], Loss: 0.3210
Epoch [69/100], Step [20/31], Loss: 0.3170
Epoch [69/100], Step [30/31], Loss: 0.3260
Epoch [70/100], Step [0/31], Loss: 0.1681
Epoch [70/100], Step [10/31], Loss: 0.2903
Epoch [70/100], Step [20/31], Loss: 0.3342
Epoch [70/100], Step [30/31], Loss: 0.3078
Epoch [71/100], Step [0/31], Loss: 0.4311
Epoch [71/100], Step [10/31], Loss: 0.3334
Epoch [71/100], Step [20/31], Loss: 0.3146
Epoch [71/100], Step [30/31], Loss: 0.3117
Epoch [72/100], Step [0/31], Loss: 0.2361
Epoch [72/100], Step [10/31], Loss: 0.3103
Epoch [72/100], Step [20/31], Loss: 0.2866
Epoch [72/100], Step [30/31], Loss: 0.2892
Epoch [73/100], Step [0/31], Loss: 0.1813
Epoch [73/100], Step [10/31], Loss: 0.3350
Epoch [73/100], Step [20/31], Loss: 0.3022
Epoch [73/100], Step [30/31], Loss: 0.3149
Epoch [74/100], Step [0/31], Loss: 0.2486
Epoch [74/100], Step [10/31], Loss: 0.2775
Epoch [74/100], Step [20/31], Loss: 0.3064
Epoch [74/100], Step [30/31], Loss: 0.3049
Epoch [75/100], Step [0/31], Loss: 0.2255
Epoch [75/100], Step [10/31], Loss: 0.3289
Epoch [75/100], Step [20/31], Loss: 0.3135
Epoch [75/100], Step [30/31], Loss: 0.2945
Epoch [76/100], Step [0/31], Loss: 0.4025
Epoch [76/100], Step [10/31], Loss: 0.3086
Epoch [76/100], Step [20/31], Loss: 0.3149
Epoch [76/100], Step [30/31], Loss: 0.3055
Epoch [77/100], Step [0/31], Loss: 0.3638
Epoch [77/100], Step [10/31], Loss: 0.2609
Epoch [77/100], Step [20/31], Loss: 0.2797
Epoch [77/100], Step [30/31], Loss: 0.2913
Epoch [78/100], Step [0/31], Loss: 0.2151
Epoch [78/100], Step [10/31], Loss: 0.2711
Epoch [78/100], Step [20/31], Loss: 0.2775
Epoch [78/100], Step [30/31], Loss: 0.2895
Epoch [79/100], Step [0/31], Loss: 0.2591
Epoch [79/100], Step [10/31], Loss: 0.2858
Epoch [79/100], Step [20/31], Loss: 0.2799
Epoch [79/100], Step [30/31], Loss: 0.2784
Epoch [80/100], Step [0/31], Loss: 0.1610
Epoch [80/100], Step [10/31], Loss: 0.2600
Epoch [80/100], Step [20/31], Loss: 0.2683
Epoch [80/100], Step [30/31], Loss: 0.2641
Epoch [81/100], Step [0/31], Loss: 0.2061
Epoch [81/100], Step [10/31], Loss: 0.2918
Epoch [81/100], Step [20/31], Loss: 0.2768
Epoch [81/100], Step [30/31], Loss: 0.2792
Epoch [82/100], Step [0/31], Loss: 0.1606
Epoch [82/100], Step [10/31], Loss: 0.2515
Epoch [82/100], Step [20/31], Loss: 0.2617
Epoch [82/100], Step [30/31], Loss: 0.2750
Epoch [83/100], Step [0/31], Loss: 0.2381
Epoch [83/100], Step [10/31], Loss: 0.2516
Epoch [83/100], Step [20/31], Loss: 0.2545
Epoch [83/100], Step [30/31], Loss: 0.2506
Epoch [84/100], Step [0/31], Loss: 0.2043
Epoch [84/100], Step [10/31], Loss: 0.2854
Epoch [84/100], Step [20/31], Loss: 0.2763
Epoch [84/100], Step [30/31], Loss: 0.2780
Epoch [85/100], Step [0/31], Loss: 0.2465
Epoch [85/100], Step [10/31], Loss: 0.2430
Epoch [85/100], Step [20/31], Loss: 0.2529
Epoch [85/100], Step [30/31], Loss: 0.2705
Epoch [86/100], Step [0/31], Loss: 0.1455
Epoch [86/100], Step [10/31], Loss: 0.2440
Epoch [86/100], Step [20/31], Loss: 0.2682
Epoch [86/100], Step [30/31], Loss: 0.2741
Epoch [87/100], Step [0/31], Loss: 0.2261
Epoch [87/100], Step [10/31], Loss: 0.2421
Epoch [87/100], Step [20/31], Loss: 0.2587
Epoch [87/100], Step [30/31], Loss: 0.2634
Epoch [88/100], Step [0/31], Loss: 0.1718
Epoch [88/100], Step [10/31], Loss: 0.2669
Epoch [88/100], Step [20/31], Loss: 0.2905
Epoch [88/100], Step [30/31], Loss: 0.2741
Epoch [89/100], Step [0/31], Loss: 0.3012
Epoch [89/100], Step [10/31], Loss: 0.2595
Epoch [89/100], Step [20/31], Loss: 0.2743
Epoch [89/100], Step [30/31], Loss: 0.2837
Epoch [90/100], Step [0/31], Loss: 0.2761
Epoch [90/100], Step [10/31], Loss: 0.2775
Epoch [90/100], Step [20/31], Loss: 0.2720
Epoch [90/100], Step [30/31], Loss: 0.2622
Epoch [91/100], Step [0/31], Loss: 0.2583
Epoch [91/100], Step [10/31], Loss: 0.2380
Epoch [91/100], Step [20/31], Loss: 0.2770
Epoch [91/100], Step [30/31], Loss: 0.2597
Epoch [92/100], Step [0/31], Loss: 0.4170
Epoch [92/100], Step [10/31], Loss: 0.2295
Epoch [92/100], Step [20/31], Loss: 0.2560
Epoch [92/100], Step [30/31], Loss: 0.2669
Epoch [93/100], Step [0/31], Loss: 0.3455
Epoch [93/100], Step [10/31], Loss: 0.2368
Epoch [93/100], Step [20/31], Loss: 0.2643
Epoch [93/100], Step [30/31], Loss: 0.2727
Epoch [94/100], Step [0/31], Loss: 0.1364
Epoch [94/100], Step [10/31], Loss: 0.2723
Epoch [94/100], Step [20/31], Loss: 0.2787
Epoch [94/100], Step [30/31], Loss: 0.2587
Epoch [95/100], Step [0/31], Loss: 0.2836
Epoch [95/100], Step [10/31], Loss: 0.2729
Epoch [95/100], Step [20/31], Loss: 0.2696
Epoch [95/100], Step [30/31], Loss: 0.2640
Epoch [96/100], Step [0/31], Loss: 0.2243
Epoch [96/100], Step [10/31], Loss: 0.2563
Epoch [96/100], Step [20/31], Loss: 0.2404
Epoch [96/100], Step [30/31], Loss: 0.2475
Epoch [97/100], Step [0/31], Loss: 0.2629
Epoch [97/100], Step [10/31], Loss: 0.2474
Epoch [97/100], Step [20/31], Loss: 0.2557
Epoch [97/100], Step [30/31], Loss: 0.2664
Epoch [98/100], Step [0/31], Loss: 0.2256
Epoch [98/100], Step [10/31], Loss: 0.2447
Epoch [98/100], Step [20/31], Loss: 0.2738
Epoch [98/100], Step [30/31], Loss: 0.2625
Epoch [99/100], Step [0/31], Loss: 0.1811
Epoch [99/100], Step [10/31], Loss: 0.2635
Epoch [99/100], Step [20/31], Loss: 0.2730
Epoch [99/100], Step [30/31], Loss: 0.2610
